{"code":"28000","file":"miscinit.c","length":101,"level":"error","line":"755","message":"Database connection error: role \"$(whoami)\" does not exist","name":"error","routine":"InitializeSessionUserId","service":"link-analyzer","severity":"FATAL","stack":"error: role \"$(whoami)\" does not exist\n    at Parser.parseErrorMessage (/Users/mikeyautorino/Desktop/webcrawler proj/node_modules/pg-protocol/dist/parser.js:285:98)\n    at Parser.handlePacket (/Users/mikeyautorino/Desktop/webcrawler proj/node_modules/pg-protocol/dist/parser.js:122:29)\n    at Parser.parse (/Users/mikeyautorino/Desktop/webcrawler proj/node_modules/pg-protocol/dist/parser.js:35:38)\n    at Socket.<anonymous> (/Users/mikeyautorino/Desktop/webcrawler proj/node_modules/pg-protocol/dist/index.js:11:42)\n    at Socket.emit (node:events:518:28)\n    at addChunk (node:internal/streams/readable:561:12)\n    at readableAddChunkPushByteMode (node:internal/streams/readable:512:3)\n    at Readable.push (node:internal/streams/readable:392:5)\n    at TCP.onStreamRead (node:internal/stream_base_commons:189:23)","timestamp":"2025-07-17 23:13:13"}
{"level":"info","message":"Connected to PostgreSQL database","service":"link-analyzer","timestamp":"2025-07-17 23:13:39"}
{"level":"info","message":"Analyses table initialized successfully","service":"link-analyzer","timestamp":"2025-07-17 23:13:39"}
{"level":"info","message":"Analyses table initialized successfully","service":"link-analyzer","timestamp":"2025-07-17 23:14:12"}
{"level":"info","message":"Analyses table initialized successfully","service":"link-analyzer","timestamp":"2025-07-17 23:15:27"}
{"level":"info","message":"Analyses table initialized successfully","service":"link-analyzer","timestamp":"2025-07-17 23:15:50"}
{"level":"info","message":"Analyses table initialized successfully","service":"link-analyzer","timestamp":"2025-07-17 23:16:37"}
{"level":"info","message":"Analyses table initialized successfully","service":"link-analyzer","timestamp":"2025-07-17 23:17:04"}
{"level":"info","message":"Analyses table initialized successfully","service":"link-analyzer","timestamp":"2025-07-17 23:17:04"}
{"level":"info","message":"Server running in development mode on port 5001","service":"link-analyzer","timestamp":"2025-07-17 23:17:04"}
{"level":"info","message":"Connected to PostgreSQL database","service":"link-analyzer","timestamp":"2025-07-17 23:17:04"}
{"level":"info","message":"Analyses table initialized successfully","service":"link-analyzer","timestamp":"2025-07-17 23:17:16"}
{"level":"info","message":"Server running in development mode on port 5001","service":"link-analyzer","timestamp":"2025-07-17 23:17:16"}
{"level":"info","message":"Connected to PostgreSQL database","service":"link-analyzer","timestamp":"2025-07-17 23:17:16"}
{"level":"info","message":"Connected to PostgreSQL database","service":"link-analyzer","timestamp":"2025-07-17 23:17:16"}
{"level":"info","message":"Connected to PostgreSQL database","service":"link-analyzer","timestamp":"2025-07-17 23:17:19"}
{"level":"info","message":"Analyses table initialized successfully","service":"link-analyzer","timestamp":"2025-07-17 23:18:15"}
{"level":"info","message":"Connected to PostgreSQL database","service":"link-analyzer","timestamp":"2025-07-17 23:18:15"}
{"level":"info","message":"Server running in development mode on port 4000","service":"link-analyzer","timestamp":"2025-07-17 23:18:15"}
{"level":"info","message":"Connected to PostgreSQL database","service":"link-analyzer","timestamp":"2025-07-17 23:18:15"}
{"level":"info","message":"Connected to PostgreSQL database","service":"link-analyzer","timestamp":"2025-07-17 23:18:15"}
{"level":"info","message":"Analyses table initialized successfully","service":"link-analyzer","timestamp":"2025-07-17 23:18:34"}
{"level":"info","message":"Connected to PostgreSQL database","service":"link-analyzer","timestamp":"2025-07-17 23:18:34"}
{"level":"info","message":"Server running in development mode on port 4000","service":"link-analyzer","timestamp":"2025-07-17 23:18:34"}
{"level":"info","message":"Connected to PostgreSQL database","service":"link-analyzer","timestamp":"2025-07-17 23:18:34"}
{"level":"info","message":"Connected to PostgreSQL database","service":"link-analyzer","timestamp":"2025-07-17 23:18:34"}
{"level":"info","message":"Analyses table initialized successfully","service":"link-analyzer","timestamp":"2025-07-17 23:18:38"}
{"level":"info","message":"Connected to PostgreSQL database","service":"link-analyzer","timestamp":"2025-07-17 23:19:00"}
{"level":"info","message":"Analyses table initialized successfully","service":"link-analyzer","timestamp":"2025-07-17 23:19:00"}
{"level":"info","message":"Connected to PostgreSQL database","service":"link-analyzer","timestamp":"2025-07-17 23:19:00"}
{"level":"info","message":"Connected to PostgreSQL database","service":"link-analyzer","timestamp":"2025-07-17 23:19:00"}
{"level":"info","message":"Server running in development mode on port 8080","service":"link-analyzer","timestamp":"2025-07-17 23:19:00"}
{"level":"info","message":"Connected to PostgreSQL database","service":"link-analyzer","timestamp":"2025-07-17 23:19:00"}
{"level":"info","message":"Analyses table initialized successfully","service":"link-analyzer","timestamp":"2025-07-17 23:19:24"}
{"level":"info","message":"Connected to PostgreSQL database","service":"link-analyzer","timestamp":"2025-07-17 23:19:24"}
{"level":"info","message":"Connected to PostgreSQL database","service":"link-analyzer","timestamp":"2025-07-17 23:19:24"}
{"level":"info","message":"Connected to PostgreSQL database","service":"link-analyzer","timestamp":"2025-07-17 23:19:24"}
{"level":"info","message":"Server running in development mode on port 8080","service":"link-analyzer","timestamp":"2025-07-17 23:19:24"}
{"level":"info","message":"Connected to PostgreSQL database","service":"link-analyzer","timestamp":"2025-07-17 23:19:24"}
{"level":"info","message":"Connected to PostgreSQL database","service":"link-analyzer","timestamp":"2025-07-17 23:19:28"}
{"level":"info","message":"Analyses table initialized successfully","service":"link-analyzer","timestamp":"2025-07-17 23:20:16"}
{"level":"info","message":"Connected to PostgreSQL database","service":"link-analyzer","timestamp":"2025-07-17 23:20:16"}
{"level":"info","message":"Connected to PostgreSQL database","service":"link-analyzer","timestamp":"2025-07-17 23:20:16"}
{"level":"info","message":"Connected to PostgreSQL database","service":"link-analyzer","timestamp":"2025-07-17 23:20:16"}
{"level":"info","message":"Connected to PostgreSQL database","service":"link-analyzer","timestamp":"2025-07-17 23:20:16"}
{"level":"info","message":"Connected to PostgreSQL database","service":"link-analyzer","timestamp":"2025-07-17 23:20:26"}
{"level":"info","message":"Connected to PostgreSQL database","service":"link-analyzer","timestamp":"2025-07-17 23:20:26"}
{"level":"info","message":"Connected to PostgreSQL database","service":"link-analyzer","timestamp":"2025-07-17 23:20:26"}
{"level":"info","message":"Analyses table initialized successfully","service":"link-analyzer","timestamp":"2025-07-17 23:20:26"}
{"level":"info","message":"Connected to PostgreSQL database","service":"link-analyzer","timestamp":"2025-07-17 23:20:26"}
{"level":"info","message":"Connected to PostgreSQL database","service":"link-analyzer","timestamp":"2025-07-17 23:20:26"}
{"level":"info","message":"Analyses table initialized successfully","service":"link-analyzer","timestamp":"2025-07-17 23:22:09"}
{"level":"info","message":"Connected to PostgreSQL database","service":"link-analyzer","timestamp":"2025-07-17 23:22:53"}
{"level":"info","message":"Connected to PostgreSQL database","service":"link-analyzer","timestamp":"2025-07-17 23:22:53"}
{"level":"info","message":"Connected to PostgreSQL database","service":"link-analyzer","timestamp":"2025-07-17 23:22:53"}
{"level":"info","message":"Analyses table initialized successfully","service":"link-analyzer","timestamp":"2025-07-17 23:22:53"}
{"level":"info","message":"Analyses table initialized successfully","service":"link-analyzer","timestamp":"2025-07-17 23:22:53"}
{"level":"info","message":"Analyses table initialized successfully","service":"link-analyzer","timestamp":"2025-07-17 23:22:53"}
{"level":"info","message":"Server running in development mode on port 3001","service":"link-analyzer","timestamp":"2025-07-17 23:22:53"}
{"level":"info","message":"Connected to PostgreSQL database","service":"link-analyzer","timestamp":"2025-07-17 23:22:53"}
{"level":"info","message":"Connected to PostgreSQL database","service":"link-analyzer","timestamp":"2025-07-17 23:22:53"}
{"level":"info","message":"Analyses table initialized successfully","service":"link-analyzer","timestamp":"2025-07-17 23:22:53"}
{"level":"info","message":"Connected to PostgreSQL database","service":"link-analyzer","timestamp":"2025-07-17 23:23:04"}
{"level":"info","message":"Connected to PostgreSQL database","service":"link-analyzer","timestamp":"2025-07-17 23:23:04"}
{"level":"info","message":"Analyses table initialized successfully","service":"link-analyzer","timestamp":"2025-07-17 23:23:04"}
{"level":"info","message":"Connected to PostgreSQL database","service":"link-analyzer","timestamp":"2025-07-17 23:23:04"}
{"level":"info","message":"Analyses table initialized successfully","service":"link-analyzer","timestamp":"2025-07-17 23:23:04"}
{"level":"info","message":"Server running in development mode on port 3001","service":"link-analyzer","timestamp":"2025-07-17 23:23:04"}
{"level":"info","message":"Analyses table initialized successfully","service":"link-analyzer","timestamp":"2025-07-17 23:23:04"}
{"level":"info","message":"Connected to PostgreSQL database","service":"link-analyzer","timestamp":"2025-07-17 23:23:04"}
{"level":"info","message":"Connected to PostgreSQL database","service":"link-analyzer","timestamp":"2025-07-17 23:23:04"}
{"level":"info","message":"Analyses table initialized successfully","service":"link-analyzer","timestamp":"2025-07-17 23:23:09"}
{"level":"info","message":"Connected to PostgreSQL database","service":"link-analyzer","timestamp":"2025-07-17 23:23:30"}
{"level":"info","message":"Connected to PostgreSQL database","service":"link-analyzer","timestamp":"2025-07-17 23:23:30"}
{"level":"info","message":"Connected to PostgreSQL database","service":"link-analyzer","timestamp":"2025-07-17 23:23:30"}
{"level":"info","message":"Connected to PostgreSQL database","service":"link-analyzer","timestamp":"2025-07-17 23:23:30"}
{"level":"info","message":"Connected to PostgreSQL database","service":"link-analyzer","timestamp":"2025-07-17 23:23:30"}
{"level":"info","message":"Analyses table initialized successfully","service":"link-analyzer","timestamp":"2025-07-17 23:23:30"}
{"level":"info","message":"Server running in development mode on port 4444","service":"link-analyzer","timestamp":"2025-07-17 23:23:30"}
{"level":"info","message":"Analyses table initialized successfully","service":"link-analyzer","timestamp":"2025-07-17 23:23:30"}
{"level":"info","message":"Analyses table initialized successfully","service":"link-analyzer","timestamp":"2025-07-17 23:23:30"}
{"level":"info","message":"Connected to PostgreSQL database","service":"link-analyzer","timestamp":"2025-07-17 23:23:30"}
{"level":"info","message":"Connected to PostgreSQL database","service":"link-analyzer","timestamp":"2025-07-17 23:23:30"}
{"level":"info","message":"Connected to PostgreSQL database","service":"link-analyzer","timestamp":"2025-07-17 23:23:41"}
{"level":"info","message":"Analyses table initialized successfully","service":"link-analyzer","timestamp":"2025-07-17 23:23:41"}
{"level":"info","message":"Connected to PostgreSQL database","service":"link-analyzer","timestamp":"2025-07-17 23:23:41"}
{"level":"info","message":"Analyses table initialized successfully","service":"link-analyzer","timestamp":"2025-07-17 23:23:41"}
{"level":"info","message":"Server running in development mode on port 4444","service":"link-analyzer","timestamp":"2025-07-17 23:23:41"}
{"level":"info","message":"Analyses table initialized successfully","service":"link-analyzer","timestamp":"2025-07-17 23:23:41"}
{"level":"info","message":"Analyses table initialized successfully","service":"link-analyzer","timestamp":"2025-07-17 23:23:41"}
{"level":"info","message":"Analyses table initialized successfully","service":"link-analyzer","timestamp":"2025-07-17 23:23:41"}
{"level":"info","message":"Connected to PostgreSQL database","service":"link-analyzer","timestamp":"2025-07-17 23:23:41"}
{"level":"info","message":"Analyses table initialized successfully","service":"link-analyzer","timestamp":"2025-07-17 23:23:45"}
{"level":"info","message":"Analyses table initialized successfully","service":"link-analyzer","timestamp":"2025-07-17 23:24:53"}
{"level":"info","message":"Analyses table initialized successfully","service":"link-analyzer","timestamp":"2025-07-17 23:24:53"}
{"level":"info","message":"Connected to PostgreSQL database","service":"link-analyzer","timestamp":"2025-07-17 23:24:53"}
{"level":"info","message":"Analyses table initialized successfully","service":"link-analyzer","timestamp":"2025-07-17 23:24:53"}
{"level":"info","message":"Connected to PostgreSQL database","service":"link-analyzer","timestamp":"2025-07-17 23:24:53"}
{"level":"info","message":"Server running in development mode on port 7777","service":"link-analyzer","timestamp":"2025-07-17 23:24:53"}
{"level":"info","message":"Connected to PostgreSQL database","service":"link-analyzer","timestamp":"2025-07-17 23:24:53"}
{"level":"info","message":"Analyses table initialized successfully","service":"link-analyzer","timestamp":"2025-07-17 23:24:53"}
{"level":"info","message":"Connected to PostgreSQL database","service":"link-analyzer","timestamp":"2025-07-17 23:24:53"}
{"level":"info","message":"Analyses table initialized successfully","service":"link-analyzer","timestamp":"2025-07-17 23:24:53"}
{"level":"info","message":"Connected to PostgreSQL database","service":"link-analyzer","timestamp":"2025-07-17 23:24:53"}
{"level":"info","message":"Analyses table initialized successfully","service":"link-analyzer","timestamp":"2025-07-17 23:24:53"}
{"level":"info","message":"Analyses table initialized successfully","service":"link-analyzer","timestamp":"2025-07-17 23:25:07"}
{"level":"info","message":"Analyses table initialized successfully","service":"link-analyzer","timestamp":"2025-07-17 23:25:07"}
{"level":"info","message":"Connected to PostgreSQL database","service":"link-analyzer","timestamp":"2025-07-17 23:25:07"}
{"level":"info","message":"Server running in development mode on port 7777","service":"link-analyzer","timestamp":"2025-07-17 23:25:07"}
{"level":"info","message":"Connected to PostgreSQL database","service":"link-analyzer","timestamp":"2025-07-17 23:25:07"}
{"level":"info","message":"Connected to PostgreSQL database","service":"link-analyzer","timestamp":"2025-07-17 23:25:07"}
{"level":"info","message":"Analyses table initialized successfully","service":"link-analyzer","timestamp":"2025-07-17 23:25:07"}
{"level":"info","message":"Connected to PostgreSQL database","service":"link-analyzer","timestamp":"2025-07-17 23:25:07"}
{"level":"info","message":"Connected to PostgreSQL database","service":"link-analyzer","timestamp":"2025-07-17 23:25:07"}
{"level":"info","message":"Connected to PostgreSQL database","service":"link-analyzer","timestamp":"2025-07-17 23:25:07"}
{"level":"info","message":"Connected to PostgreSQL database","service":"link-analyzer","timestamp":"2025-07-17 23:25:07"}
{"level":"info","message":"Analyses table initialized successfully","service":"link-analyzer","timestamp":"2025-07-17 23:25:07"}
{"level":"info","message":"Analyses table initialized successfully","service":"link-analyzer","timestamp":"2025-07-17 23:25:19"}
{"level":"info","message":"Analyses table initialized successfully","service":"link-analyzer","timestamp":"2025-07-17 23:26:45"}
{"level":"info","message":"Server running in development mode on port 9999","service":"link-analyzer","timestamp":"2025-07-17 23:26:45"}
{"level":"info","message":"Connected to PostgreSQL database","service":"link-analyzer","timestamp":"2025-07-17 23:26:45"}
{"level":"info","message":"Connected to PostgreSQL database","service":"link-analyzer","timestamp":"2025-07-17 23:26:45"}
{"level":"info","message":"Analyses table initialized successfully","service":"link-analyzer","timestamp":"2025-07-17 23:26:45"}
{"level":"info","message":"Connected to PostgreSQL database","service":"link-analyzer","timestamp":"2025-07-17 23:26:45"}
{"level":"info","message":"Connected to PostgreSQL database","service":"link-analyzer","timestamp":"2025-07-17 23:26:45"}
{"level":"info","message":"Connected to PostgreSQL database","service":"link-analyzer","timestamp":"2025-07-17 23:26:45"}
{"level":"info","message":"Connected to PostgreSQL database","service":"link-analyzer","timestamp":"2025-07-17 23:26:45"}
{"level":"info","message":"Connected to PostgreSQL database","service":"link-analyzer","timestamp":"2025-07-17 23:26:45"}
{"level":"info","message":"Connected to PostgreSQL database","service":"link-analyzer","timestamp":"2025-07-17 23:26:45"}
{"level":"info","message":"Connected to PostgreSQL database","service":"link-analyzer","timestamp":"2025-07-17 23:27:03"}
{"level":"info","message":"Analyses table initialized successfully","service":"link-analyzer","timestamp":"2025-07-17 23:27:03"}
{"level":"info","message":"Server running in development mode on port 9999","service":"link-analyzer","timestamp":"2025-07-17 23:27:03"}
{"level":"info","message":"Connected to PostgreSQL database","service":"link-analyzer","timestamp":"2025-07-17 23:27:03"}
{"level":"info","message":"Connected to PostgreSQL database","service":"link-analyzer","timestamp":"2025-07-17 23:27:03"}
{"level":"info","message":"Analyses table initialized successfully","service":"link-analyzer","timestamp":"2025-07-17 23:27:03"}
{"level":"info","message":"Analyses table initialized successfully","service":"link-analyzer","timestamp":"2025-07-17 23:27:03"}
{"level":"info","message":"Connected to PostgreSQL database","service":"link-analyzer","timestamp":"2025-07-17 23:27:03"}
{"level":"info","message":"Connected to PostgreSQL database","service":"link-analyzer","timestamp":"2025-07-17 23:27:03"}
{"level":"info","message":"Analyses table initialized successfully","service":"link-analyzer","timestamp":"2025-07-17 23:27:03"}
{"level":"info","message":"Analyses table initialized successfully","service":"link-analyzer","timestamp":"2025-07-17 23:27:03"}
{"level":"info","message":"Connected to PostgreSQL database","service":"link-analyzer","timestamp":"2025-07-17 23:27:03"}
{"level":"info","message":"Connected to PostgreSQL database","service":"link-analyzer","timestamp":"2025-07-17 23:27:03"}
{"level":"info","message":"Analyses table initialized successfully","service":"link-analyzer","timestamp":"2025-07-17 23:27:05"}
{"level":"info","message":"Connected to PostgreSQL database","service":"link-analyzer","timestamp":"2025-07-17 23:27:38"}
{"level":"info","message":"Analyses table initialized successfully","service":"link-analyzer","timestamp":"2025-07-17 23:27:38"}
{"level":"info","message":"Server running in development mode on port 9999","service":"link-analyzer","timestamp":"2025-07-17 23:27:38"}
{"level":"info","message":"Connected to PostgreSQL database","service":"link-analyzer","timestamp":"2025-07-17 23:27:38"}
{"level":"info","message":"Connected to PostgreSQL database","service":"link-analyzer","timestamp":"2025-07-17 23:27:38"}
{"level":"info","message":"Connected to PostgreSQL database","service":"link-analyzer","timestamp":"2025-07-17 23:27:38"}
{"level":"info","message":"Analyses table initialized successfully","service":"link-analyzer","timestamp":"2025-07-17 23:27:38"}
{"level":"info","message":"Analyses table initialized successfully","service":"link-analyzer","timestamp":"2025-07-17 23:27:38"}
{"level":"info","message":"Connected to PostgreSQL database","service":"link-analyzer","timestamp":"2025-07-17 23:27:38"}
{"level":"info","message":"Connected to PostgreSQL database","service":"link-analyzer","timestamp":"2025-07-17 23:27:38"}
{"level":"info","message":"Analyses table initialized successfully","service":"link-analyzer","timestamp":"2025-07-17 23:27:38"}
{"level":"info","message":"Analyses table initialized successfully","service":"link-analyzer","timestamp":"2025-07-17 23:27:38"}
{"level":"info","message":"Analyses table initialized successfully","service":"link-analyzer","timestamp":"2025-07-17 23:27:38"}
{"level":"info","message":"Connected to PostgreSQL database","service":"link-analyzer","timestamp":"2025-07-17 23:27:38"}
{"level":"info","message":"Connected to PostgreSQL database","service":"link-analyzer","timestamp":"2025-07-17 23:28:01"}
{"level":"info","message":"Analyses table initialized successfully","service":"link-analyzer","timestamp":"2025-07-17 23:28:01"}
{"level":"info","message":"Server running in development mode on port 9999","service":"link-analyzer","timestamp":"2025-07-17 23:28:01"}
{"level":"info","message":"Connected to PostgreSQL database","service":"link-analyzer","timestamp":"2025-07-17 23:28:01"}
{"level":"info","message":"Analyses table initialized successfully","service":"link-analyzer","timestamp":"2025-07-17 23:28:01"}
{"level":"info","message":"Connected to PostgreSQL database","service":"link-analyzer","timestamp":"2025-07-17 23:28:01"}
{"level":"info","message":"Analyses table initialized successfully","service":"link-analyzer","timestamp":"2025-07-17 23:28:01"}
{"level":"info","message":"Connected to PostgreSQL database","service":"link-analyzer","timestamp":"2025-07-17 23:28:01"}
{"level":"info","message":"Analyses table initialized successfully","service":"link-analyzer","timestamp":"2025-07-17 23:28:01"}
{"level":"info","message":"Analyses table initialized successfully","service":"link-analyzer","timestamp":"2025-07-17 23:28:01"}
{"level":"info","message":"Connected to PostgreSQL database","service":"link-analyzer","timestamp":"2025-07-17 23:28:01"}
{"level":"info","message":"Connected to PostgreSQL database","service":"link-analyzer","timestamp":"2025-07-17 23:28:01"}
{"level":"info","message":"Connected to PostgreSQL database","service":"link-analyzer","timestamp":"2025-07-17 23:28:01"}
{"level":"info","message":"Connected to PostgreSQL database","service":"link-analyzer","timestamp":"2025-07-17 23:28:01"}
{"level":"info","message":"Connected to PostgreSQL database","service":"link-analyzer","timestamp":"2025-07-17 23:28:08"}
{"level":"info","message":"Analyses table initialized successfully","service":"link-analyzer","timestamp":"2025-07-17 23:29:07"}
{"level":"info","message":"Server running in development mode on port 9999","service":"link-analyzer","timestamp":"2025-07-17 23:29:07"}
{"level":"info","message":"Connected to PostgreSQL database","service":"link-analyzer","timestamp":"2025-07-17 23:29:07"}
{"level":"info","message":"Starting crawl","service":"link-analyzer","timestamp":"2025-07-17 23:29:58","url":"https://www.example.com"}
{"level":"info","message":"Completed parsing HTML","service":"link-analyzer","stats":{"headings":{"h1":1,"h2":0,"h3":0},"images":0,"links":{"external":1,"internal":0},"wordCount":28},"timestamp":"2025-07-17 23:30:02","url":"https://www.example.com"}
{"level":"info","message":"Created new analysis","service":"link-analyzer","timestamp":"2025-07-17 23:30:02","url":"https://www.example.com"}
